<?xml version="1.0" encoding="UTF-8"?>
<testsuite name="JsonConverterTest" tests="4" skipped="0" failures="0" errors="0" timestamp="2018-07-03T05:47:45" hostname="QH-20180329UXXG" time="0.165">
  <properties/>
  <testcase name="test_from_json_list" classname="JsonConverterTest" time="0.151"/>
  <testcase name="test_from_json_pojo" classname="JsonConverterTest" time="0.0"/>
  <testcase name="test_to_json_list" classname="JsonConverterTest" time="0.013"/>
  <testcase name="test_to_json_pojo" classname="JsonConverterTest" time="0.001"/>
  <system-out><![CDATA[]]></system-out>
  <system-err><![CDATA[]]></system-err>
</testsuite>
