<?xml version="1.0" encoding="UTF-8"?>
<testsuite name="EnhancedChannelTest" tests="2" skipped="0" failures="0" errors="0" timestamp="2018-07-03T05:47:45" hostname="QH-20180329UXXG" time="0.016">
  <properties/>
  <testcase name="test_declare_queue_exchange_binding" classname="EnhancedChannelTest" time="0.012"/>
  <testcase name="test_declare_anonymous_queue" classname="EnhancedChannelTest" time="0.004"/>
  <system-out><![CDATA[]]></system-out>
  <system-err><![CDATA[]]></system-err>
</testsuite>
